H:\BULLETVEHICLE\RELEASE\BASICEXAMPLE.OBJ
H:\BULLETVEHICLE\RELEASE\BULLETVEHICLE.EXE
H:\BULLETVEHICLE\RELEASE\BULLETVEHICLE.EXE.INTERMEDIATE.MANIFEST
H:\BulletVehicle\Release\BulletVehicle.exp
H:\BulletVehicle\Release\BulletVehicle.lib
H:\BULLETVEHICLE\RELEASE\BULLETVEHICLE.PDB
H:\BulletVehicle\Release\BulletVehicle.write.1.tlog
H:\BulletVehicle\Release\cl.command.1.tlog
H:\BulletVehicle\Release\CL.read.1.tlog
H:\BulletVehicle\Release\CL.write.1.tlog
H:\BULLETVEHICLE\RELEASE\GLEW.OBJ
H:\BulletVehicle\Release\link.command.1.tlog
H:\BulletVehicle\Release\link.read.1.tlog
H:\BulletVehicle\Release\link.write.1.tlog
H:\BULLETVEHICLE\RELEASE\MAIN_OPENGL_SINGLE_EXAMPLE.OBJ
H:\BulletVehicle\Release\mt.command.1.tlog
H:\BulletVehicle\Release\mt.read.1.tlog
H:\BulletVehicle\Release\mt.write.1.tlog
H:\BULLETVEHICLE\RELEASE\VC100.PDB
H:\BulletVehicle\Release\vc140.pdb
